<?xml version="1.0" encoding="UTF-8"?>
<!-- Generated by org.testng.reporters.JUnitReportReporter -->
<testsuite hostname="pc-PC" failures="0" tests="1" name="Runner.TestRunner" time="17.100" errors="0" timestamp="2023-01-27T12:32:08 IST" skipped="0">
  <testcase classname="Runner.TestRunner" name="runScenario" time="17.100"/>
  <system-out/>
</testsuite> <!-- Runner.TestRunner -->
