<?xml version="1.0" encoding="UTF-8"?>
<!-- Generated by org.testng.reporters.JUnitReportReporter -->
<testsuite hostname="pc-PC" failures="0" tests="3" name="Runner.TestRunner2" time="67.165" errors="0" timestamp="2023-01-28T10:48:07 IST" skipped="0">
  <testcase classname="Runner.TestRunner2" name="runScenario" time="26.209"/>
  <system-out/>
  <testcase classname="Runner.TestRunner2" name="runScenario" time="21.655"/>
  <system-out/>
  <testcase classname="Runner.TestRunner2" name="runScenario" time="19.301"/>
  <system-out/>
</testsuite> <!-- Runner.TestRunner2 -->
