<?xml version="1.0" encoding="UTF-8"?>
<!-- Generated by org.testng.reporters.JUnitReportReporter -->
<testsuite hostname="pc-PC" failures="0" tests="1" name="Runner.TestRunner1" time="25.705" errors="0" timestamp="2023-01-27T13:10:10 IST" skipped="0">
  <testcase classname="Runner.TestRunner1" name="runScenario" time="25.705"/>
  <system-out/>
</testsuite> <!-- Runner.TestRunner1 -->
